Дата и время запуска функции 2024-04-09 15:28:25.382207
Имя функции hello_world
Аргументы ()  {}
Функция возвращает Hello World
Дата и время запуска функции 2024-04-09 15:28:25.383204
Имя функции summator
Аргументы (2, 2)  {}
Функция возвращает 4
Дата и время запуска функции 2024-04-09 15:28:25.383204
Имя функции div
Аргументы (6, 2)  {}
Функция возвращает 3.0
Дата и время запуска функции 2024-04-09 15:28:25.383204
Имя функции summator
Аргументы (4.3,)  {'b': 2.2}
Функция возвращает 6.5
Дата и время запуска функции 2024-04-09 15:28:25.384262
Имя функции summator
Аргументы ()  {'a': 0, 'b': 0}
Функция возвращает 0
